Using pre-set license
Built from '2022.3/staging' branch; Version is '2022.3.19f1 (244b723c30a6) revision 2378610'; Using compiler version '192829333'; Build Type 'Release'
OS: 'Windows 11  (10.0.22621) 64bit Core' Language: 'en' Physical Memory: 32559 MB
BatchMode: 1, IsHumanControllingUs: 0, StartBugReporterOnCrash: 0, Is64bit: 1, IsPro: 1

COMMAND LINE ARGUMENTS:
C:\Program Files\Unity\Hub\Editor\2022.3.19f1\Editor\Unity.exe
-adb2
-batchMode
-noUpm
-name
AssetImportWorker1
-projectPath
C:/Users/hjh56/OneDrive/바탕 화면/Project/4900UnityGame/Jay
-logFile
Logs/AssetImportWorker1.log
-srvPort
1431
Successfully changed project path to: C:/Users/hjh56/OneDrive/바탕 화면/Project/4900UnityGame/Jay
C:/Users/hjh56/OneDrive/바탕 화면/Project/4900UnityGame/Jay
[UnityMemory] Configuration Parameters - Can be set up in boot.config
    "memorysetup-bucket-allocator-granularity=16"
    "memorysetup-bucket-allocator-bucket-count=8"
    "memorysetup-bucket-allocator-block-size=33554432"
    "memorysetup-bucket-allocator-block-count=8"
    "memorysetup-main-allocator-block-size=16777216"
    "memorysetup-thread-allocator-block-size=16777216"
    "memorysetup-gfx-main-allocator-block-size=16777216"
    "memorysetup-gfx-thread-allocator-block-size=16777216"
    "memorysetup-cache-allocator-block-size=4194304"
    "memorysetup-typetree-allocator-block-size=2097152"
    "memorysetup-profiler-bucket-allocator-granularity=16"
    "memorysetup-profiler-bucket-allocator-bucket-count=8"
    "memorysetup-profiler-bucket-allocator-block-size=33554432"
    "memorysetup-profiler-bucket-allocator-block-count=8"
    "memorysetup-profiler-allocator-block-size=16777216"
    "memorysetup-profiler-editor-allocator-block-size=1048576"
    "memorysetup-temp-allocator-size-main=16777216"
    "memorysetup-job-temp-allocator-block-size=2097152"
    "memorysetup-job-temp-allocator-block-size-background=1048576"
    "memorysetup-job-temp-allocator-reduction-small-platforms=262144"
    "memorysetup-allocator-temp-initial-block-size-main=262144"
    "memorysetup-allocator-temp-initial-block-size-worker=262144"
    "memorysetup-temp-allocator-size-background-worker=32768"
    "memorysetup-temp-allocator-size-job-worker=262144"
    "memorysetup-temp-allocator-size-preload-manager=33554432"
    "memorysetup-temp-allocator-size-nav-mesh-worker=65536"
    "memorysetup-temp-allocator-size-audio-worker=65536"
    "memorysetup-temp-allocator-size-cloud-worker=32768"
    "memorysetup-temp-allocator-size-gi-baking-worker=262144"
    "memorysetup-temp-allocator-size-gfx=262144"
Player connection [25072] Host "[IP] 192.168.1.222 [Port] 0 [Flags] 2 [Guid] 199320574 [EditorId] 199320574 [Version] 1048832 [Id] WindowsEditor(7,Jay) [Debug] 1 [PackageName] WindowsEditor [ProjectName] Editor" joined multi-casting on [225.0.0.222:54997]...

Player connection [25072] Host "[IP] 192.168.1.222 [Port] 0 [Flags] 2 [Guid] 199320574 [EditorId] 199320574 [Version] 1048832 [Id] WindowsEditor(7,Jay) [Debug] 1 [PackageName] WindowsEditor [ProjectName] Editor" joined alternative multi-casting on [225.0.0.222:34997]...

[Physics::Module] Initialized MultithreadedJobDispatcher with 19 workers.
Refreshing native plugins compatible for Editor in 11.20 ms, found 3 plugins.
Preloading 0 native plugins for Editor in 0.00 ms.
Initialize engine version: 2022.3.19f1 (244b723c30a6)
[Subsystems] Discovering subsystems at path C:/Program Files/Unity/Hub/Editor/2022.3.19f1/Editor/Data/Resources/UnitySubsystems
[Subsystems] Discovering subsystems at path C:/Users/hjh56/OneDrive/바탕 화면/Project/4900UnityGame/Jay/Assets
GfxDevice: creating device client; threaded=0; jobified=0
Direct3D:
    Version:  Direct3D 11.0 [level 11.1]
    Renderer: NVIDIA GeForce RTX 3070 (ID=0x2488)
    Vendor:   NVIDIA
    VRAM:     8018 MB
    Driver:   31.0.15.5123
Initialize mono
Mono path[0] = 'C:/Program Files/Unity/Hub/Editor/2022.3.19f1/Editor/Data/Managed'
Mono path[1] = 'C:/Program Files/Unity/Hub/Editor/2022.3.19f1/Editor/Data/MonoBleedingEdge/lib/mono/unityjit-win32'
Mono config path = 'C:/Program Files/Unity/Hub/Editor/2022.3.19f1/Editor/Data/MonoBleedingEdge/etc'
Using monoOptions --debugger-agent=transport=dt_socket,embedding=1,server=y,suspend=n,address=127.0.0.1:56948
Begin MonoManager ReloadAssembly
Registering precompiled unity dll's ...
Register platform support module: C:/Program Files/Unity/Hub/Editor/2022.3.19f1/Editor/Data/PlaybackEngines/WindowsStandaloneSupport/UnityEditor.WindowsStandalone.Extensions.dll
Registered in 0.017056 seconds.
- Loaded All Assemblies, in  0.345 seconds
Native extension for WindowsStandalone target not found
Mono: successfully reloaded assembly
- Finished resetting the current domain, in  0.239 seconds
Domain Reload Profiling: 580ms
	BeginReloadAssembly (117ms)
		ExecutionOrderSort (0ms)
		DisableScriptedObjects (0ms)
		BackupInstance (0ms)
		ReleaseScriptingObjects (0ms)
		CreateAndSetChildDomain (1ms)
	RebuildCommonClasses (26ms)
	RebuildNativeTypeToScriptingClass (7ms)
	initialDomainReloadingComplete (75ms)
	LoadAllAssembliesAndSetupDomain (115ms)
		LoadAssemblies (114ms)
		RebuildTransferFunctionScriptingTraits (0ms)
		AnalyzeDomain (112ms)
			TypeCache.Refresh (110ms)
				TypeCache.ScanAssembly (97ms)
			ScanForSourceGeneratedMonoScriptInfo (0ms)
			ResolveRequiredComponents (1ms)
	FinalizeReload (239ms)
		ReleaseScriptCaches (0ms)
		RebuildScriptCaches (0ms)
		SetupLoadedEditorAssemblies (191ms)
			LogAssemblyErrors (0ms)
			InitializePlatformSupportModulesInManaged (11ms)
			SetLoadedEditorAssemblies (7ms)
			RefreshPlugins (0ms)
			BeforeProcessingInitializeOnLoad (2ms)
			ProcessInitializeOnLoadAttributes (123ms)
			ProcessInitializeOnLoadMethodAttributes (47ms)
			AfterProcessingInitializeOnLoad (0ms)
			EditorAssembliesLoaded (0ms)
		ExecutionOrderSort2 (0ms)
		AwakeInstancesAfterBackupRestoration (0ms)
========================================================================
Worker process is ready to serve import requests
Begin MonoManager ReloadAssembly
- Loaded All Assemblies, in  0.562 seconds
Refreshing native plugins compatible for Editor in 5.43 ms, found 3 plugins.
Native extension for WindowsStandalone target not found
Package Manager log level set to [2]
[Package Manager] Server::EnsureServerProcessIsRunning -- launch failed, reason: Unity was launched with the -noUpm command-line argument
[Package Manager] UpmClient::Send -- Unable to send message (not connected to UPM process).
[Package Manager] Cannot connect to Unity Package Manager local server
Mono: successfully reloaded assembly
- Finished resetting the current domain, in  0.393 seconds
Domain Reload Profiling: 941ms
	BeginReloadAssembly (136ms)
		ExecutionOrderSort (0ms)
		DisableScriptedObjects (3ms)
		BackupInstance (0ms)
		ReleaseScriptingObjects (0ms)
		CreateAndSetChildDomain (16ms)
	RebuildCommonClasses (24ms)
	RebuildNativeTypeToScriptingClass (6ms)
	initialDomainReloadingComplete (38ms)
	LoadAllAssembliesAndSetupDomain (342ms)
		LoadAssemblies (314ms)
		RebuildTransferFunctionScriptingTraits (0ms)
		AnalyzeDomain (120ms)
			TypeCache.Refresh (107ms)
				TypeCache.ScanAssembly (96ms)
			ScanForSourceGeneratedMonoScriptInfo (10ms)
			ResolveRequiredComponents (2ms)
	FinalizeReload (394ms)
		ReleaseScriptCaches (0ms)
		RebuildScriptCaches (0ms)
		SetupLoadedEditorAssemblies (295ms)
			LogAssemblyErrors (0ms)
			InitializePlatformSupportModulesInManaged (7ms)
			SetLoadedEditorAssemblies (3ms)
			RefreshPlugins (0ms)
			BeforeProcessingInitializeOnLoad (51ms)
			ProcessInitializeOnLoadAttributes (210ms)
			ProcessInitializeOnLoadMethodAttributes (12ms)
			AfterProcessingInitializeOnLoad (12ms)
			EditorAssembliesLoaded (0ms)
		ExecutionOrderSort2 (0ms)
		AwakeInstancesAfterBackupRestoration (12ms)
Launched and connected shader compiler UnityShaderCompiler.exe after 0.04 seconds
Refreshing native plugins compatible for Editor in 4.00 ms, found 3 plugins.
Preloading 0 native plugins for Editor in 0.00 ms.
Unloading 3085 Unused Serialized files (Serialized files now loaded: 0)
Unloading 32 unused Assets / (57.0 KB). Loaded Objects now: 3546.
Memory consumption went from 127.5 MB to 127.4 MB.
Total: 2.166200 ms (FindLiveObjects: 0.171800 ms CreateObjectMapping: 0.075600 ms MarkObjects: 1.842100 ms  DeleteObjects: 0.075400 ms)

AssetImportParameters requested are different than current active one (requested -> active):
  custom:container-demuxer-ogg: 62fdf1f143b41e24485cea50d1cbac27 -> 
  custom:video-decoder-ogg-theora: a1e56fd34408186e4bbccfd4996cb3dc -> 
  custom:framework-win-MediaFoundation: 216162199b28c13a410421893ffa2e32 -> 
  custom:CustomObjectIndexerAttribute: 6d391050e5a25f67b0a2c618074f2cd9 -> 
  custom:container-demuxer-webm: 4f35f7cbe854078d1ac9338744f61a02 -> 
  custom:container-muxer-webm: aa71ff27fc2769a1b78a27578f13a17b -> 
  custom:video-decoder-webm-vp8: 9c59270c3fd7afecdb556c50c9e8de78 -> 
  custom:SearchIndexIgnoredProperties: e643bd26f0fe6173181afceb89e7c659 -> 
  custom:AudioImporter_EditorPlatform: d09bf68614088b80899f8185d706f6e7 -> 
  custom:video-encoder-webm-vp8: eb34c28f22e8b96e1ab97ce403110664 -> 
  custom:audio-decoder-ogg-vorbis: bf7c407c2cedff20999df2af8eb42d56 -> 
  custom:audio-encoder-webm-vorbis: bf7c407c2cedff20999df2af8eb42d56 -> 
========================================================================
Received Import Request.
  Time since last request: 75883.702624 seconds.
  path: Assets/Fire Extinguisher/Extinghuihser_Height.png
  artifactKey: Guid(4d0d982532ac88044a34be96d1015287) Importer(815301076,1909f56bfc062723c751e8b465ee728b)
Start importing Assets/Fire Extinguisher/Extinghuihser_Height.png using Guid(4d0d982532ac88044a34be96d1015287) Importer(815301076,1909f56bfc062723c751e8b465ee728b)  -> (artifact id: '4fec302292e3a2122cd148d1c60f6bd2') in 0.067960 seconds
Number of updated asset objects reloaded before import = 0
Number of asset objects unloaded after import = 2
========================================================================
Received Import Request.
  Time since last request: 0.000028 seconds.
  path: Assets/Fire Extinguisher/Pipe Holder_Normal.png
  artifactKey: Guid(6375fa6a16987a04bbcdedd95aa893c4) Importer(815301076,1909f56bfc062723c751e8b465ee728b)
Start importing Assets/Fire Extinguisher/Pipe Holder_Normal.png using Guid(6375fa6a16987a04bbcdedd95aa893c4) Importer(815301076,1909f56bfc062723c751e8b465ee728b)  -> (artifact id: '3b26a60b659109d3f5ae1cbffb9ac9a4') in 0.021886 seconds
Number of updated asset objects reloaded before import = 0
Number of asset objects unloaded after import = 2
========================================================================
Received Import Request.
  Time since last request: 0.000017 seconds.
  path: Assets/Fire Extinguisher/Meter_Base_Color.png
  artifactKey: Guid(7344bac27c87800428bf7f7d23cf871c) Importer(815301076,1909f56bfc062723c751e8b465ee728b)
Start importing Assets/Fire Extinguisher/Meter_Base_Color.png using Guid(7344bac27c87800428bf7f7d23cf871c) Importer(815301076,1909f56bfc062723c751e8b465ee728b)  -> (artifact id: 'f54a3b5d6ac60574bb0381be22deb2a6') in 0.023772 seconds
Number of updated asset objects reloaded before import = 0
Number of asset objects unloaded after import = 2
========================================================================
Received Import Request.
  Time since last request: 0.000015 seconds.
  path: Assets/Fire Extinguisher/Steel Part.001_Metallic.png
  artifactKey: Guid(d65a67201c529a3439a1a112707c283a) Importer(815301076,1909f56bfc062723c751e8b465ee728b)
Start importing Assets/Fire Extinguisher/Steel Part.001_Metallic.png using Guid(d65a67201c529a3439a1a112707c283a) Importer(815301076,1909f56bfc062723c751e8b465ee728b)  -> (artifact id: 'b697c76ad349dccde584ce41138a49cc') in 0.035997 seconds
Number of updated asset objects reloaded before import = 0
Number of asset objects unloaded after import = 2
========================================================================
Received Import Request.
  Time since last request: 0.000020 seconds.
  path: Assets/Fire Extinguisher/Meter_Height.png
  artifactKey: Guid(2b011efc720d53a4bbe2febb07c1d740) Importer(815301076,1909f56bfc062723c751e8b465ee728b)
Start importing Assets/Fire Extinguisher/Meter_Height.png using Guid(2b011efc720d53a4bbe2febb07c1d740) Importer(815301076,1909f56bfc062723c751e8b465ee728b)  -> (artifact id: 'd81638608b512c1ec3578b83bf47be67') in 0.020384 seconds
Number of updated asset objects reloaded before import = 0
Number of asset objects unloaded after import = 2
========================================================================
Received Import Request.
  Time since last request: 0.000021 seconds.
  path: Assets/Fire Extinguisher/Pipe Holder_Metallic.png
  artifactKey: Guid(5c232bac00312ef478dcaaa36c32a462) Importer(815301076,1909f56bfc062723c751e8b465ee728b)
Start importing Assets/Fire Extinguisher/Pipe Holder_Metallic.png using Guid(5c232bac00312ef478dcaaa36c32a462) Importer(815301076,1909f56bfc062723c751e8b465ee728b)  -> (artifact id: '6eb8e20a5a78eaaa3cd06942000626e2') in 0.027030 seconds
Number of updated asset objects reloaded before import = 0
Number of asset objects unloaded after import = 2
========================================================================
Received Import Request.
  Time since last request: 0.000017 seconds.
  path: Assets/Fire Extinguisher/Steel Part.001_Normal.png
  artifactKey: Guid(7acbeb0261ca5764ab46f141ab590fb5) Importer(815301076,1909f56bfc062723c751e8b465ee728b)
Start importing Assets/Fire Extinguisher/Steel Part.001_Normal.png using Guid(7acbeb0261ca5764ab46f141ab590fb5) Importer(815301076,1909f56bfc062723c751e8b465ee728b)  -> (artifact id: '036ba2284bc615d2980ae044b722edcd') in 0.019886 seconds
Number of updated asset objects reloaded before import = 0
Number of asset objects unloaded after import = 2
========================================================================
Received Import Request.
  Time since last request: 0.000021 seconds.
  path: Assets/Fire Extinguisher/Presser_Base_Color.png
  artifactKey: Guid(85b8b960b28546f41b8c98a5f7511dfd) Importer(815301076,1909f56bfc062723c751e8b465ee728b)
Start importing Assets/Fire Extinguisher/Presser_Base_Color.png using Guid(85b8b960b28546f41b8c98a5f7511dfd) Importer(815301076,1909f56bfc062723c751e8b465ee728b)  -> (artifact id: 'f772757c9f52b151c3d1ccbe6f8f72d2') in 0.022560 seconds
Number of updated asset objects reloaded before import = 0
Number of asset objects unloaded after import = 2
========================================================================
Received Import Request.
  Time since last request: 0.000017 seconds.
  path: Assets/Fire Extinguisher/Steel Part.001_Normal_DirectX.png
  artifactKey: Guid(17a6a1ef3b14ebd4cb72e5728f1dbbcf) Importer(815301076,1909f56bfc062723c751e8b465ee728b)
Start importing Assets/Fire Extinguisher/Steel Part.001_Normal_DirectX.png using Guid(17a6a1ef3b14ebd4cb72e5728f1dbbcf) Importer(815301076,1909f56bfc062723c751e8b465ee728b)  -> (artifact id: 'bebfaef50c8947fcff0bd808470cccc5') in 0.021516 seconds
Number of updated asset objects reloaded before import = 0
Number of asset objects unloaded after import = 2
========================================================================
Received Import Request.
  Time since last request: 0.000017 seconds.
  path: Assets/Fire Extinguisher/Steel Part_Base_Color.png
  artifactKey: Guid(70523d13d1e4d814ebda4d6ea2adc5da) Importer(815301076,1909f56bfc062723c751e8b465ee728b)
Start importing Assets/Fire Extinguisher/Steel Part_Base_Color.png using Guid(70523d13d1e4d814ebda4d6ea2adc5da) Importer(815301076,1909f56bfc062723c751e8b465ee728b)  -> (artifact id: '9439bb60b6d527dbe11d5e083500ef2f') in 0.022429 seconds
Number of updated asset objects reloaded before import = 0
Number of asset objects unloaded after import = 2
========================================================================
Received Import Request.
  Time since last request: 0.000030 seconds.
  path: Assets/Fire Extinguisher/Meter_Metallic.png
  artifactKey: Guid(7913cdde220982a4ab73a32df1a532fa) Importer(815301076,1909f56bfc062723c751e8b465ee728b)
Start importing Assets/Fire Extinguisher/Meter_Metallic.png using Guid(7913cdde220982a4ab73a32df1a532fa) Importer(815301076,1909f56bfc062723c751e8b465ee728b)  -> (artifact id: 'b07312cbb9b13abcd4e09f8cbc7732e6') in 0.025186 seconds
Number of updated asset objects reloaded before import = 0
Number of asset objects unloaded after import = 2
========================================================================
Received Import Request.
  Time since last request: 0.000017 seconds.
  path: Assets/Fire Extinguisher/Presser_Height.png
  artifactKey: Guid(e1b5e0833aedbd545b5c0e4b779b8f98) Importer(815301076,1909f56bfc062723c751e8b465ee728b)
Start importing Assets/Fire Extinguisher/Presser_Height.png using Guid(e1b5e0833aedbd545b5c0e4b779b8f98) Importer(815301076,1909f56bfc062723c751e8b465ee728b)  -> (artifact id: 'e6ea2697a74143f146ef759b8a326c34') in 0.023156 seconds
Number of updated asset objects reloaded before import = 0
Number of asset objects unloaded after import = 2
========================================================================
Received Import Request.
  Time since last request: 0.000017 seconds.
  path: Assets/Fire Extinguisher/Pipe Holder_Mixed_AO.png
  artifactKey: Guid(184a6c49973c4de44888b59c46707e99) Importer(815301076,1909f56bfc062723c751e8b465ee728b)
Start importing Assets/Fire Extinguisher/Pipe Holder_Mixed_AO.png using Guid(184a6c49973c4de44888b59c46707e99) Importer(815301076,1909f56bfc062723c751e8b465ee728b)  -> (artifact id: 'f128e03dc74bcca93c4eb09e6982159b') in 0.025502 seconds
Number of updated asset objects reloaded before import = 0
Number of asset objects unloaded after import = 2
========================================================================
Received Import Request.
  Time since last request: 0.000056 seconds.
  path: Assets/Fire Extinguisher/Steel Part.001_Base_Color.png
  artifactKey: Guid(7f2aa2d8cc0ca9240a0edd4ac6bc906e) Importer(815301076,1909f56bfc062723c751e8b465ee728b)
Start importing Assets/Fire Extinguisher/Steel Part.001_Base_Color.png using Guid(7f2aa2d8cc0ca9240a0edd4ac6bc906e) Importer(815301076,1909f56bfc062723c751e8b465ee728b)  -> (artifact id: 'd5e3a5bee57681e61a2f519a4937ac1d') in 0.022853 seconds
Number of updated asset objects reloaded before import = 0
Number of asset objects unloaded after import = 2
========================================================================
Received Import Request.
  Time since last request: 0.000019 seconds.
  path: Assets/Fire Extinguisher/Presser_Metallic.png
  artifactKey: Guid(07d2b719ed72d634e80027497039acc1) Importer(815301076,1909f56bfc062723c751e8b465ee728b)
Start importing Assets/Fire Extinguisher/Presser_Metallic.png using Guid(07d2b719ed72d634e80027497039acc1) Importer(815301076,1909f56bfc062723c751e8b465ee728b)  -> (artifact id: 'a0a95ca9841960447803a2f794df1db6') in 0.023900 seconds
Number of updated asset objects reloaded before import = 0
Number of asset objects unloaded after import = 2
========================================================================
Received Import Request.
  Time since last request: 0.000026 seconds.
  path: Assets/Fire Extinguisher/Steel Part_Mixed_AO.png
  artifactKey: Guid(cee60222b42c43848994ec235eddae23) Importer(815301076,1909f56bfc062723c751e8b465ee728b)
Start importing Assets/Fire Extinguisher/Steel Part_Mixed_AO.png using Guid(cee60222b42c43848994ec235eddae23) Importer(815301076,1909f56bfc062723c751e8b465ee728b)  -> (artifact id: '814651b057c7282909389100b8162dd5') in 0.023255 seconds
Number of updated asset objects reloaded before import = 0
Number of asset objects unloaded after import = 2
========================================================================
Received Import Request.
  Time since last request: 0.000029 seconds.
  path: Assets/Fire Extinguisher/Extinghuihser_Mixed_AO.png
  artifactKey: Guid(c71673f86bb96274c9737b577ac995ed) Importer(815301076,1909f56bfc062723c751e8b465ee728b)
Start importing Assets/Fire Extinguisher/Extinghuihser_Mixed_AO.png using Guid(c71673f86bb96274c9737b577ac995ed) Importer(815301076,1909f56bfc062723c751e8b465ee728b)  -> (artifact id: '4f2c476118b2f7b104b4fcf424a22789') in 0.020861 seconds
Number of updated asset objects reloaded before import = 0
Number of asset objects unloaded after import = 2
========================================================================
Received Import Request.
  Time since last request: 0.000016 seconds.
  path: Assets/Fire Extinguisher/Steel Part_Roughness.png
  artifactKey: Guid(a4b0ce4f3592e3c41b2ba183b0e38eb9) Importer(815301076,1909f56bfc062723c751e8b465ee728b)
Start importing Assets/Fire Extinguisher/Steel Part_Roughness.png using Guid(a4b0ce4f3592e3c41b2ba183b0e38eb9) Importer(815301076,1909f56bfc062723c751e8b465ee728b)  -> (artifact id: 'a6993edda10264702cef4c6e158d147e') in 0.020593 seconds
Number of updated asset objects reloaded before import = 0
Number of asset objects unloaded after import = 2
========================================================================
Received Import Request.
  Time since last request: 0.000016 seconds.
  path: Assets/Fire Extinguisher/Pipe Holder_Roughness.png
  artifactKey: Guid(886f0f8c80ebdac4b9a046488e347c92) Importer(815301076,1909f56bfc062723c751e8b465ee728b)
Start importing Assets/Fire Extinguisher/Pipe Holder_Roughness.png using Guid(886f0f8c80ebdac4b9a046488e347c92) Importer(815301076,1909f56bfc062723c751e8b465ee728b)  -> (artifact id: '80bf9bc8a4f0532a68b581328791dffa') in 0.020249 seconds
Number of updated asset objects reloaded before import = 0
Number of asset objects unloaded after import = 2
========================================================================
Received Import Request.
  Time since last request: 0.000060 seconds.
  path: Assets/Fire Extinguisher/Pipe Holder_Normal_DirectX.png
  artifactKey: Guid(2db509e390e291141a5fa349088199d5) Importer(815301076,1909f56bfc062723c751e8b465ee728b)
Start importing Assets/Fire Extinguisher/Pipe Holder_Normal_DirectX.png using Guid(2db509e390e291141a5fa349088199d5) Importer(815301076,1909f56bfc062723c751e8b465ee728b)  -> (artifact id: 'fa869b2452084404dcd2383bbb5369fc') in 0.025952 seconds
Number of updated asset objects reloaded before import = 0
Number of asset objects unloaded after import = 2
Editor requested this worker to shutdown with reason: Scaling down because of idle timeout
TcpMessagingSession - receive error: operation aborted. errorcode: 995, details: The I/O operation has been aborted because of either a thread exit or an application request.
AssetImportWorker is now disconnected from the server
Process exiting
Exiting without the bug reporter. Application will terminate with return code 0